+--------------------------------------+-----------------------------------------------------------------------------------------------------------------------------------------------------------------------------------------------------------+-------------------------------------------------------------------------------------------------------------+
|url_host_name                         |url_path                                                                                                                                                                                                   |warc_filename                                                                                                |
+--------------------------------------+-----------------------------------------------------------------------------------------------------------------------------------------------------------------------------------------------------------+-------------------------------------------------------------------------------------------------------------+
|globalannal.wordpress.com             |/tag/careers/                                                                                                                                                                                              |crawl-data/CC-MAIN-2021-04/segments/1610703528672.38/warc/CC-MAIN-20210121225305-20210122015305-00743.warc.gz|
|globalannal.wordpress.com             |/tag/jobs-numbers/                                                                                                                                                                                         |crawl-data/CC-MAIN-2021-04/segments/1610703528672.38/warc/CC-MAIN-20210121225305-20210122015305-00751.warc.gz|
|globalannal.wordpress.com             |/tag/jobs-report/                                                                                                                                                                                          |crawl-data/CC-MAIN-2021-04/segments/1610703528672.38/warc/CC-MAIN-20210121225305-20210122015305-00145.warc.gz|
|globalshapersbucharest.wordpress.com  |/2018/04/11/programs-officer-job-global-shapers-bucharest-hub/                                                                                                                                             |crawl-data/CC-MAIN-2021-04/segments/1610703506697.14/warc/CC-MAIN-20210116135004-20210116165004-00165.warc.gz|
|globalyouthbook.wordpress.com         |/tag/career-planning/                                                                                                                                                                                      |crawl-data/CC-MAIN-2021-04/segments/1610704798089.76/warc/CC-MAIN-20210126042704-20210126072704-00384.warc.gz|
|glocalconsult.wordpress.com           |/eworkcareer/                                                                                                                                                                                              |crawl-data/CC-MAIN-2021-04/segments/1610704835901.90/warc/CC-MAIN-20210128040619-20210128070619-00788.warc.gz|
|glosscreativerecruitment.wordpress.com|/2017/03/20/gloss-hot-jobs-march-2017/                                                                                                                                                                     |crawl-data/CC-MAIN-2021-04/segments/1610703531702.36/warc/CC-MAIN-20210123001629-20210123031629-00767.warc.gz|
|glosscreativerecruitment.wordpress.com|/tag/career-advice/                                                                                                                                                                                        |crawl-data/CC-MAIN-2021-04/segments/1610703531702.36/warc/CC-MAIN-20210123001629-20210123031629-00795.warc.gz|
|glosscreativerecruitment.wordpress.com|/tag/creative-careers/                                                                                                                                                                                     |crawl-data/CC-MAIN-2021-04/segments/1610703531702.36/warc/CC-MAIN-20210123001629-20210123031629-00069.warc.gz|
|glosscreativerecruitment.wordpress.com|/tag/yorkshire-careers/                                                                                                                                                                                    |crawl-data/CC-MAIN-2021-04/segments/1610703531702.36/warc/CC-MAIN-20210123001629-20210123031629-00290.warc.gz|
|glowtdotcom.wordpress.com             |/tag/jojoba/                                                                                                                                                                                               |crawl-data/CC-MAIN-2021-04/segments/1610703513144.48/warc/CC-MAIN-20210117174558-20210117204558-00783.warc.gz|
|glowtdotcom.wordpress.com             |/tag/jojoba-leaf/                                                                                                                                                                                          |crawl-data/CC-MAIN-2021-04/segments/1610703495936.3/warc/CC-MAIN-20210115164417-20210115194417-00116.warc.gz |
|gmekerishvili.wordpress.com           |/job-market-paper/                                                                                                                                                                                         |crawl-data/CC-MAIN-2021-04/segments/1610703506697.14/warc/CC-MAIN-20210116135004-20210116165004-00312.warc.gz|
|gmhsprincipalsblogcom.wordpress.com   |/class-of-2018-college-career-profile/                                                                                                                                                                     |crawl-data/CC-MAIN-2021-04/segments/1610703518240.40/warc/CC-MAIN-20210119103923-20210119133923-00416.warc.gz|
|gmpstrc.wordpress.com                 |/2018/11/13/a-new-career-in-patient-safetythanks-to-the-community-pharmacy-patient-safety-collaborative/                                                                                                   |crawl-data/CC-MAIN-2021-04/segments/1610703517159.7/warc/CC-MAIN-20210118220236-20210119010236-00336.warc.gz |
|gmwrag.wordpress.com                  |/2017/06/12/new-salford-job-vacancies-on-gmwrag/                                                                                                                                                           |crawl-data/CC-MAIN-2021-04/segments/1610703511903.11/warc/CC-MAIN-20210117081748-20210117111748-00277.warc.gz|
|gmwrag.wordpress.com                  |/2018/02/26/new-job-advert-on-the-gmwrag-web-site-2/                                                                                                                                                       |crawl-data/CC-MAIN-2021-04/segments/1610703511903.11/warc/CC-MAIN-20210117081748-20210117111748-00224.warc.gz|
|gmwrag.wordpress.com                  |/2019/04/16/what-do-you-think-this-is-a-jobs-web-site-oh-er/                                                                                                                                               |crawl-data/CC-MAIN-2021-04/segments/1610703511903.11/warc/CC-MAIN-20210117081748-20210117111748-00692.warc.gz|
|gmwrag.wordpress.com                  |/job-vacancies/                                                                                                                                                                                            |crawl-data/CC-MAIN-2021-04/segments/1610703511903.11/warc/CC-MAIN-20210117081748-20210117111748-00320.warc.gz|
|gmwrag.wordpress.com                  |/job-vacancies/previous-job-vacancies-archive/                                                                                                                                                             |crawl-data/CC-MAIN-2021-04/segments/1610703511903.11/warc/CC-MAIN-20210117081748-20210117111748-00711.warc.gz|
|gmwrag.wordpress.com                  |/tag/greaterjobs/                                                                                                                                                                                          |crawl-data/CC-MAIN-2021-04/segments/1610703511903.11/warc/CC-MAIN-20210117081748-20210117111748-00302.warc.gz|
|gmwrag.wordpress.com                  |/tag/job-vacancies/                                                                                                                                                                                        |crawl-data/CC-MAIN-2021-04/segments/1610703511903.11/warc/CC-MAIN-20210117081748-20210117111748-00437.warc.gz|
|gmwrag.wordpress.com                  |/tag/jobcentre-plus/                                                                                                                                                                                       |crawl-data/CC-MAIN-2021-04/segments/1610703511903.11/warc/CC-MAIN-20210117081748-20210117111748-00497.warc.gz|
|gnistbloggen.wordpress.com            |/category/helse-pa-jobben/                                                                                                                                                                                 |crawl-data/CC-MAIN-2021-04/segments/1610704804187.81/warc/CC-MAIN-20210126233034-20210127023034-00620.warc.gz|
|gnozzoknows.wordpress.com             |/tag/career/                                                                                                                                                                                               |crawl-data/CC-MAIN-2021-04/segments/1610704803308.89/warc/CC-MAIN-20210126170854-20210126200854-00636.warc.gz|
|gnozzoknows.wordpress.com             |/tag/job-search/                                                                                                                                                                                           |crawl-data/CC-MAIN-2021-04/segments/1610704803308.89/warc/CC-MAIN-20210126170854-20210126200854-00258.warc.gz|
|gobeforegrace.wordpress.com           |/tag/job/                                                                                                                                                                                                  |crawl-data/CC-MAIN-2021-04/segments/1610704828358.86/warc/CC-MAIN-20210127152334-20210127182334-00151.warc.gz|
|gobopicturescomics.wordpress.com      |/tag/job/                                                                                                                                                                                                  |crawl-data/CC-MAIN-2021-04/segments/1610704799741.85/warc/CC-MAIN-20210126104721-20210126134721-00070.warc.gz|
|goettlicherschreiben.wordpress.com    |/2012/04/17/luxusjob/                                                                                                                                                                                      |crawl-data/CC-MAIN-2021-04/segments/1610703519395.23/warc/CC-MAIN-20210119135001-20210119165001-00561.warc.gz|
|goettlicherschreiben.wordpress.com    |/tag/job/                                                                                                                                                                                                  |crawl-data/CC-MAIN-2021-04/segments/1610703519395.23/warc/CC-MAIN-20210119135001-20210119165001-00007.warc.gz|
|goettlicherschreiben.wordpress.com    |/tag/job-und-familie/                                                                                                                                                                                      |crawl-data/CC-MAIN-2021-04/segments/1610703519395.23/warc/CC-MAIN-20210119135001-20210119165001-00613.warc.gz|
|goingdownwriting.wordpress.com        |/2013/02/26/just-do-the-job/                                                                                                                                                                               |crawl-data/CC-MAIN-2021-04/segments/1610703499999.6/warc/CC-MAIN-20210116014637-20210116044637-00763.warc.gz |
|goldbarreporter.wordpress.com         |/2020/07/25/forgery-and-lies-on-job-applications/                                                                                                                                                          |crawl-data/CC-MAIN-2021-04/segments/1610703514121.8/warc/CC-MAIN-20210118030549-20210118060549-00177.warc.gz |
|goldbarreporter.wordpress.com         |/category/as-mr-pennington-was-to-assume-office-as-a-legislator-mr-kenyon-left-his-43000-job-as-city-attorney-directly-thereafter-mr-kenyon-received-millions-of-dollars-in-state-contracts-to-provide-leg/|crawl-data/CC-MAIN-2021-04/segments/1610703549416.62/warc/CC-MAIN-20210124141945-20210124171945-00546.warc.gz|
|goldbarreporter.wordpress.com         |/category/crystal-hill-pennington-fraud-in-king-county-job-applications/                                                                                                                                   |crawl-data/CC-MAIN-2021-04/segments/1610703514121.8/warc/CC-MAIN-20210118030549-20210118060549-00070.warc.gz |
|goldbarreporter.wordpress.com         |/tag/crystal-hill-pennington-fraud-inside-job-applications-in-king-county/                                                                                                                                 |crawl-data/CC-MAIN-2021-04/segments/1610703514121.8/warc/CC-MAIN-20210118030549-20210118060549-00657.warc.gz |
|goldbarreporter.wordpress.com         |/tag/crystal-hill-pennington-lies-on-king-county-job-applications-and-is-placed-on-administrative-pending-investigation/                                                                                   |crawl-data/CC-MAIN-2021-04/segments/1610703514121.8/warc/CC-MAIN-20210118030549-20210118060549-00100.warc.gz |
|goldbarreporter.wordpress.com         |/tag/hamlin-mitchell-law-school-aba-accrediation-questioned-after-crystal-hill-pennington-a-convicted-bank-frauder-claims-she-was-a-allowed-into-jd-program-on-several-job-applications/                   |crawl-data/CC-MAIN-2021-04/segments/1610703514121.8/warc/CC-MAIN-20210118030549-20210118060549-00569.warc.gz |
|goldbarreporter.wordpress.com         |/tag/john-e-pennington-falsified-his-academic-credentials-to-obtain-a-job-fraud-with-pierce-college/                                                                                                       |crawl-data/CC-MAIN-2021-04/segments/1610703514121.8/warc/CC-MAIN-20210118030549-20210118060549-00170.warc.gz |
|goldmarble.wordpress.com              |/category/career/                                                                                                                                                                                          |crawl-data/CC-MAIN-2021-04/segments/1610704828358.86/warc/CC-MAIN-20210127152334-20210127182334-00452.warc.gz|
|goldmarble.wordpress.com              |/tag/jobs/                                                                                                                                                                                                 |crawl-data/CC-MAIN-2021-04/segments/1610704828358.86/warc/CC-MAIN-20210127152334-20210127182334-00640.warc.gz|
|goldzonecareers.wordpress.com         |/category/available-jobs/jobs-in-singapore/                                                                                                                                                                |crawl-data/CC-MAIN-2021-04/segments/1610704795033.65/warc/CC-MAIN-20210126011645-20210126041645-00536.warc.gz|
|goldzonecareers.wordpress.com         |/jobs/                                                                                                                                                                                                     |crawl-data/CC-MAIN-2021-04/segments/1610704795033.65/warc/CC-MAIN-20210126011645-20210126041645-00513.warc.gz|
|gondolatjelek.wordpress.com           |/2012/02/14/feljelenti-a-jobbik-biszku-belat/                                                                                                                                                              |crawl-data/CC-MAIN-2021-04/segments/1610703521987.71/warc/CC-MAIN-20210120182259-20210120212259-00546.warc.gz|
|gondolatjelek.wordpress.com           |/2019/05/23/orban-viktor-tomegesen-jonnek-haza-a-magyarok-kulfoldrol-mert-itthon-jobb-az-elet-es-ez-annak-koszonheto-hogy/                                                                                 |crawl-data/CC-MAIN-2021-04/segments/1610703521987.71/warc/CC-MAIN-20210120182259-20210120212259-00221.warc.gz|
|gonetilnovember.wordpress.com         |/2008/02/24/in-pursuit-of-job/                                                                                                                                                                             |crawl-data/CC-MAIN-2021-04/segments/1610703509104.12/warc/CC-MAIN-20210117020341-20210117050341-00095.warc.gz|
|gonetilnovember.wordpress.com         |/2013/10/07/7-considering-a-career-change/                                                                                                                                                                 |crawl-data/CC-MAIN-2021-04/segments/1610703509104.12/warc/CC-MAIN-20210117020341-20210117050341-00646.warc.gz|
|gonetilnovember.wordpress.com         |/2018/10/08/hello-joburg/                                                                                                                                                                                  |crawl-data/CC-MAIN-2021-04/segments/1610703509104.12/warc/CC-MAIN-20210117020341-20210117050341-00669.warc.gz|
|gonetilnovember.wordpress.com         |/tag/jobs/                                                                                                                                                                                                 |crawl-data/CC-MAIN-2021-04/segments/1610703587074.70/warc/CC-MAIN-20210125154534-20210125184534-00589.warc.gz|
|gonetilnovember.wordpress.com         |/tag/things-to-do-around-joburg/                                                                                                                                                                           |crawl-data/CC-MAIN-2021-04/segments/1610703509104.12/warc/CC-MAIN-20210117020341-20210117050341-00430.warc.gz|
+--------------------------------------+-----------------------------------------------------------------------------------------------------------------------------------------------------------------------------------------------------------+-------------------------------------------------------------------------------------------------------------+
only showing top 50 rows

== Parsed Logical Plan ==
'Filter ('url_path RLIKE job || 'url_path RLIKE career)
+- Project [url_host_name#2, url_path#14, warc_filename#21]
   +- Filter (subset#26 = warc)
      +- Project [url_host_name#2, url_path#14, warc_filename#21, subset#26]
         +- Filter (crawl#25 = CC-MAIN-2021-04)
            +- Project [url_host_name#2, url_path#14, warc_filename#21, crawl#25, subset#26]
               +- Relation[url_surtkey#0,url#1,url_host_name#2,url_host_tld#3,url_host_2nd_last_part#4,url_host_3rd_last_part#5,url_host_4th_last_part#6,url_host_5th_last_part#7,url_host_registry_suffix#8,url_host_registered_domain#9,url_host_private_suffix#10,url_host_private_domain#11,url_protocol#12,url_port#13,url_path#14,url_query#15,fetch_time#16,fetch_status#17,content_digest#18,content_mime_type#19,content_mime_detected#20,warc_filename#21,warc_record_offset#22,warc_record_length#23,warc_segment#24,crawl#25,subset#26] parquet

== Analyzed Logical Plan ==
url_host_name: string, url_path: string, warc_filename: string
Filter (url_path#14 RLIKE job || url_path#14 RLIKE career)
+- Project [url_host_name#2, url_path#14, warc_filename#21]
   +- Filter (subset#26 = warc)
      +- Project [url_host_name#2, url_path#14, warc_filename#21, subset#26]
         +- Filter (crawl#25 = CC-MAIN-2021-04)
            +- Project [url_host_name#2, url_path#14, warc_filename#21, crawl#25, subset#26]
               +- Relation[url_surtkey#0,url#1,url_host_name#2,url_host_tld#3,url_host_2nd_last_part#4,url_host_3rd_last_part#5,url_host_4th_last_part#6,url_host_5th_last_part#7,url_host_registry_suffix#8,url_host_registered_domain#9,url_host_private_suffix#10,url_host_private_domain#11,url_protocol#12,url_port#13,url_path#14,url_query#15,fetch_time#16,fetch_status#17,content_digest#18,content_mime_type#19,content_mime_detected#20,warc_filename#21,warc_record_offset#22,warc_record_length#23,warc_segment#24,crawl#25,subset#26] parquet

== Optimized Logical Plan ==
Project [url_host_name#2, url_path#14, warc_filename#21]
+- Filter ((((isnotnull(subset#26) && isnotnull(crawl#25)) && (crawl#25 = CC-MAIN-2021-04)) && (subset#26 = warc)) && (url_path#14 RLIKE job || url_path#14 RLIKE career))
   +- Relation[url_surtkey#0,url#1,url_host_name#2,url_host_tld#3,url_host_2nd_last_part#4,url_host_3rd_last_part#5,url_host_4th_last_part#6,url_host_5th_last_part#7,url_host_registry_suffix#8,url_host_registered_domain#9,url_host_private_suffix#10,url_host_private_domain#11,url_protocol#12,url_port#13,url_path#14,url_query#15,fetch_time#16,fetch_status#17,content_digest#18,content_mime_type#19,content_mime_detected#20,warc_filename#21,warc_record_offset#22,warc_record_length#23,warc_segment#24,crawl#25,subset#26] parquet

== Physical Plan ==
*(1) Project [url_host_name#2, url_path#14, warc_filename#21]
+- *(1) Filter (url_path#14 RLIKE job || url_path#14 RLIKE career)
   +- *(1) FileScan parquet [url_host_name#2,url_path#14,warc_filename#21,crawl#25,subset#26] Batched: true, Format: Parquet, Location: InMemoryFileIndex[s3a://commoncrawl/cc-index/table/cc-main/warc], PartitionCount: 1, PartitionFilters: [isnotnull(subset#26), isnotnull(crawl#25), (crawl#25 = CC-MAIN-2021-04), (subset#26 = warc)], PushedFilters: [], ReadSchema: struct<url_host_name:string,url_path:string,warc_filename:string>
(2125) MapPartitionsRDD[13] at rdd at Runner.scala:126 []
  |    SQLExecutionRDD[12] at rdd at Runner.scala:126 []
  |    MapPartitionsRDD[11] at rdd at Runner.scala:126 []
  |    MapPartitionsRDD[10] at rdd at Runner.scala:126 []
  |    FileScanRDD[9] at rdd at Runner.scala:126 []
